The system is: Linux - 3.19.3-3-ARCH - x86_64
Compiling the C compiler identification source file "CMakeCCompilerId.c" succeeded.
Compiler: /usr/bin/clang 
Build flags: 
Id flags: 

The output was:
0


Compilation of the C compiler identification source "CMakeCCompilerId.c" produced "a.out"

The C compiler identification is Clang, found in "/home/ben/Dropbox/Development/C++/BPPIV/src/CMakeFiles/3.2.1/CompilerIdC/a.out"

Compiling the CXX compiler identification source file "CMakeCXXCompilerId.cpp" succeeded.
Compiler: /usr/bin/clang++ 
Build flags: 
Id flags: 

The output was:
0


Compilation of the CXX compiler identification source "CMakeCXXCompilerId.cpp" produced "a.out"

The CXX compiler identification is Clang, found in "/home/ben/Dropbox/Development/C++/BPPIV/src/CMakeFiles/3.2.1/CompilerIdCXX/a.out"

Determining if the C compiler works passed with the following output:
Change Dir: /home/ben/Dropbox/Development/C++/BPPIV/src/CMakeFiles/CMakeTmp

Run Build Command:"/usr/bin/make" "cmTryCompileExec856052291/fast"
/usr/bin/make -f CMakeFiles/cmTryCompileExec856052291.dir/build.make CMakeFiles/cmTryCompileExec856052291.dir/build
make[1]: Entering directory '/home/ben/Dropbox/Development/C++/BPPIV/src/CMakeFiles/CMakeTmp'
/usr/bin/cmake -E cmake_progress_report /home/ben/Dropbox/Development/C++/BPPIV/src/CMakeFiles/CMakeTmp/CMakeFiles 1
Building C object CMakeFiles/cmTryCompileExec856052291.dir/testCCompiler.c.o
/usr/bin/clang    -o CMakeFiles/cmTryCompileExec856052291.dir/testCCompiler.c.o   -c /home/ben/Dropbox/Development/C++/BPPIV/src/CMakeFiles/CMakeTmp/testCCompiler.c
Linking C executable cmTryCompileExec856052291
/usr/bin/cmake -E cmake_link_script CMakeFiles/cmTryCompileExec856052291.dir/link.txt --verbose=1
/usr/bin/clang       CMakeFiles/cmTryCompileExec856052291.dir/testCCompiler.c.o  -o cmTryCompileExec856052291 -rdynamic 
make[1]: Leaving directory '/home/ben/Dropbox/Development/C++/BPPIV/src/CMakeFiles/CMakeTmp'


Detecting C compiler ABI info compiled with the following output:
Change Dir: /home/ben/Dropbox/Development/C++/BPPIV/src/CMakeFiles/CMakeTmp

Run Build Command:"/usr/bin/make" "cmTryCompileExec2557152079/fast"
/usr/bin/make -f CMakeFiles/cmTryCompileExec2557152079.dir/build.make CMakeFiles/cmTryCompileExec2557152079.dir/build
make[1]: Entering directory '/home/ben/Dropbox/Development/C++/BPPIV/src/CMakeFiles/CMakeTmp'
/usr/bin/cmake -E cmake_progress_report /home/ben/Dropbox/Development/C++/BPPIV/src/CMakeFiles/CMakeTmp/CMakeFiles 1
Building C object CMakeFiles/cmTryCompileExec2557152079.dir/CMakeCCompilerABI.c.o
/usr/bin/clang    -o CMakeFiles/cmTryCompileExec2557152079.dir/CMakeCCompilerABI.c.o   -c /usr/share/cmake-3.2/Modules/CMakeCCompilerABI.c
Linking C executable cmTryCompileExec2557152079
/usr/bin/cmake -E cmake_link_script CMakeFiles/cmTryCompileExec2557152079.dir/link.txt --verbose=1
/usr/bin/clang      -v CMakeFiles/cmTryCompileExec2557152079.dir/CMakeCCompilerABI.c.o  -o cmTryCompileExec2557152079 -rdynamic  
clang version 3.6.0 (tags/RELEASE_360/final)
Target: x86_64-unknown-linux-gnu
Thread model: posix
Found candidate GCC installation: /usr/bin/../lib/gcc/x86_64-unknown-linux-gnu/4.9.2
Found candidate GCC installation: /usr/bin/../lib64/gcc/x86_64-unknown-linux-gnu/4.9.2
Found candidate GCC installation: /usr/lib/gcc/x86_64-unknown-linux-gnu/4.9.2
Found candidate GCC installation: /usr/lib64/gcc/x86_64-unknown-linux-gnu/4.9.2
Selected GCC installation: /usr/bin/../lib64/gcc/x86_64-unknown-linux-gnu/4.9.2
Candidate multilib: .;@m64
Selected multilib: .;@m64
 "/usr/bin/ld" -export-dynamic --eh-frame-hdr -m elf_x86_64 -dynamic-linker /lib64/ld-linux-x86-64.so.2 -o cmTryCompileExec2557152079 /usr/bin/../lib64/gcc/x86_64-unknown-linux-gnu/4.9.2/../../../../lib64/crt1.o /usr/bin/../lib64/gcc/x86_64-unknown-linux-gnu/4.9.2/../../../../lib64/crti.o /usr/bin/../lib64/gcc/x86_64-unknown-linux-gnu/4.9.2/crtbegin.o -L/usr/bin/../lib64/gcc/x86_64-unknown-linux-gnu/4.9.2 -L/usr/bin/../lib64/gcc/x86_64-unknown-linux-gnu/4.9.2/../../../x86_64-linux-gnu -L/usr/bin/../lib64/gcc/x86_64-unknown-linux-gnu/4.9.2/../../../../lib64 -L/usr/bin/../lib/x86_64-linux-gnu -L/usr/bin/../lib64 -L/lib/x86_64-linux-gnu -L/lib/../lib64 -L/usr/lib/x86_64-linux-gnu -L/usr/lib/../lib64 -L/usr/bin/../lib64/gcc/x86_64-unknown-linux-gnu/4.9.2/../../.. -L/usr/bin/../lib -L/lib -L/usr/lib CMakeFiles/cmTryCompileExec2557152079.dir/CMakeCCompilerABI.c.o -lgcc --as-needed -lgcc_s --no-as-needed -lc -lgcc --as-needed -lgcc_s --no-as-needed /usr/bin/../lib64/gcc/x86_64-unknown-linux-gnu/4.9.2/crtend.o /usr/bin/../lib64/gcc/x86_64-unknown-linux-gnu/4.9.2/../../../../lib64/crtn.o
make[1]: Leaving directory '/home/ben/Dropbox/Development/C++/BPPIV/src/CMakeFiles/CMakeTmp'


Parsed C implicit link information from above output:
  link line regex: [^( *|.*[/\])(ld|([^/\]+-)?ld|collect2)[^/\]*( |$)]
  ignore line: [Change Dir: /home/ben/Dropbox/Development/C++/BPPIV/src/CMakeFiles/CMakeTmp]
  ignore line: []
  ignore line: [Run Build Command:"/usr/bin/make" "cmTryCompileExec2557152079/fast"]
  ignore line: [/usr/bin/make -f CMakeFiles/cmTryCompileExec2557152079.dir/build.make CMakeFiles/cmTryCompileExec2557152079.dir/build]
  ignore line: [make[1]: Entering directory '/home/ben/Dropbox/Development/C++/BPPIV/src/CMakeFiles/CMakeTmp']
  ignore line: [/usr/bin/cmake -E cmake_progress_report /home/ben/Dropbox/Development/C++/BPPIV/src/CMakeFiles/CMakeTmp/CMakeFiles 1]
  ignore line: [Building C object CMakeFiles/cmTryCompileExec2557152079.dir/CMakeCCompilerABI.c.o]
  ignore line: [/usr/bin/clang    -o CMakeFiles/cmTryCompileExec2557152079.dir/CMakeCCompilerABI.c.o   -c /usr/share/cmake-3.2/Modules/CMakeCCompilerABI.c]
  ignore line: [Linking C executable cmTryCompileExec2557152079]
  ignore line: [/usr/bin/cmake -E cmake_link_script CMakeFiles/cmTryCompileExec2557152079.dir/link.txt --verbose=1]
  ignore line: [/usr/bin/clang      -v CMakeFiles/cmTryCompileExec2557152079.dir/CMakeCCompilerABI.c.o  -o cmTryCompileExec2557152079 -rdynamic  ]
  ignore line: [clang version 3.6.0 (tags/RELEASE_360/final)]
  ignore line: [Target: x86_64-unknown-linux-gnu]
  ignore line: [Thread model: posix]
  ignore line: [Found candidate GCC installation: /usr/bin/../lib/gcc/x86_64-unknown-linux-gnu/4.9.2]
  ignore line: [Found candidate GCC installation: /usr/bin/../lib64/gcc/x86_64-unknown-linux-gnu/4.9.2]
  ignore line: [Found candidate GCC installation: /usr/lib/gcc/x86_64-unknown-linux-gnu/4.9.2]
  ignore line: [Found candidate GCC installation: /usr/lib64/gcc/x86_64-unknown-linux-gnu/4.9.2]
  ignore line: [Selected GCC installation: /usr/bin/../lib64/gcc/x86_64-unknown-linux-gnu/4.9.2]
  ignore line: [Candidate multilib: .]
  ignore line: [@m64]
  ignore line: [Selected multilib: .]
  ignore line: [@m64]
  link line: [ "/usr/bin/ld" -export-dynamic --eh-frame-hdr -m elf_x86_64 -dynamic-linker /lib64/ld-linux-x86-64.so.2 -o cmTryCompileExec2557152079 /usr/bin/../lib64/gcc/x86_64-unknown-linux-gnu/4.9.2/../../../../lib64/crt1.o /usr/bin/../lib64/gcc/x86_64-unknown-linux-gnu/4.9.2/../../../../lib64/crti.o /usr/bin/../lib64/gcc/x86_64-unknown-linux-gnu/4.9.2/crtbegin.o -L/usr/bin/../lib64/gcc/x86_64-unknown-linux-gnu/4.9.2 -L/usr/bin/../lib64/gcc/x86_64-unknown-linux-gnu/4.9.2/../../../x86_64-linux-gnu -L/usr/bin/../lib64/gcc/x86_64-unknown-linux-gnu/4.9.2/../../../../lib64 -L/usr/bin/../lib/x86_64-linux-gnu -L/usr/bin/../lib64 -L/lib/x86_64-linux-gnu -L/lib/../lib64 -L/usr/lib/x86_64-linux-gnu -L/usr/lib/../lib64 -L/usr/bin/../lib64/gcc/x86_64-unknown-linux-gnu/4.9.2/../../.. -L/usr/bin/../lib -L/lib -L/usr/lib CMakeFiles/cmTryCompileExec2557152079.dir/CMakeCCompilerABI.c.o -lgcc --as-needed -lgcc_s --no-as-needed -lc -lgcc --as-needed -lgcc_s --no-as-needed /usr/bin/../lib64/gcc/x86_64-unknown-linux-gnu/4.9.2/crtend.o /usr/bin/../lib64/gcc/x86_64-unknown-linux-gnu/4.9.2/../../../../lib64/crtn.o]
    arg [/usr/bin/ld] ==> ignore
    arg [-export-dynamic] ==> ignore
    arg [--eh-frame-hdr] ==> ignore
    arg [-m] ==> ignore
    arg [elf_x86_64] ==> ignore
    arg [-dynamic-linker] ==> ignore
    arg [/lib64/ld-linux-x86-64.so.2] ==> ignore
    arg [-o] ==> ignore
    arg [cmTryCompileExec2557152079] ==> ignore
    arg [/usr/bin/../lib64/gcc/x86_64-unknown-linux-gnu/4.9.2/../../../../lib64/crt1.o] ==> ignore
    arg [/usr/bin/../lib64/gcc/x86_64-unknown-linux-gnu/4.9.2/../../../../lib64/crti.o] ==> ignore
    arg [/usr/bin/../lib64/gcc/x86_64-unknown-linux-gnu/4.9.2/crtbegin.o] ==> ignore
    arg [-L/usr/bin/../lib64/gcc/x86_64-unknown-linux-gnu/4.9.2] ==> dir [/usr/bin/../lib64/gcc/x86_64-unknown-linux-gnu/4.9.2]
    arg [-L/usr/bin/../lib64/gcc/x86_64-unknown-linux-gnu/4.9.2/../../../x86_64-linux-gnu] ==> dir [/usr/bin/../lib64/gcc/x86_64-unknown-linux-gnu/4.9.2/../../../x86_64-linux-gnu]
    arg [-L/usr/bin/../lib64/gcc/x86_64-unknown-linux-gnu/4.9.2/../../../../lib64] ==> dir [/usr/bin/../lib64/gcc/x86_64-unknown-linux-gnu/4.9.2/../../../../lib64]
    arg [-L/usr/bin/../lib/x86_64-linux-gnu] ==> dir [/usr/bin/../lib/x86_64-linux-gnu]
    arg [-L/usr/bin/../lib64] ==> dir [/usr/bin/../lib64]
    arg [-L/lib/x86_64-linux-gnu] ==> dir [/lib/x86_64-linux-gnu]
    arg [-L/lib/../lib64] ==> dir [/lib/../lib64]
    arg [-L/usr/lib/x86_64-linux-gnu] ==> dir [/usr/lib/x86_64-linux-gnu]
    arg [-L/usr/lib/../lib64] ==> dir [/usr/lib/../lib64]
    arg [-L/usr/bin/../lib64/gcc/x86_64-unknown-linux-gnu/4.9.2/../../..] ==> dir [/usr/bin/../lib64/gcc/x86_64-unknown-linux-gnu/4.9.2/../../..]
    arg [-L/usr/bin/../lib] ==> dir [/usr/bin/../lib]
    arg [-L/lib] ==> dir [/lib]
    arg [-L/usr/lib] ==> dir [/usr/lib]
    arg [CMakeFiles/cmTryCompileExec2557152079.dir/CMakeCCompilerABI.c.o] ==> ignore
    arg [-lgcc] ==> lib [gcc]
    arg [--as-needed] ==> ignore
    arg [-lgcc_s] ==> lib [gcc_s]
    arg [--no-as-needed] ==> ignore
    arg [-lc] ==> lib [c]
    arg [-lgcc] ==> lib [gcc]
    arg [--as-needed] ==> ignore
    arg [-lgcc_s] ==> lib [gcc_s]
    arg [--no-as-needed] ==> ignore
    arg [/usr/bin/../lib64/gcc/x86_64-unknown-linux-gnu/4.9.2/crtend.o] ==> ignore
    arg [/usr/bin/../lib64/gcc/x86_64-unknown-linux-gnu/4.9.2/../../../../lib64/crtn.o] ==> ignore
  remove lib [gcc]
  remove lib [gcc_s]
  remove lib [gcc]
  remove lib [gcc_s]
  collapse library dir [/usr/bin/../lib64/gcc/x86_64-unknown-linux-gnu/4.9.2] ==> [/usr/lib64/gcc/x86_64-unknown-linux-gnu/4.9.2]
  collapse library dir [/usr/bin/../lib64/gcc/x86_64-unknown-linux-gnu/4.9.2/../../../x86_64-linux-gnu] ==> [/usr/lib64/x86_64-linux-gnu]
  collapse library dir [/usr/bin/../lib64/gcc/x86_64-unknown-linux-gnu/4.9.2/../../../../lib64] ==> [/usr/lib64]
  collapse library dir [/usr/bin/../lib/x86_64-linux-gnu] ==> [/usr/lib/x86_64-linux-gnu]
  collapse library dir [/usr/bin/../lib64] ==> [/usr/lib64]
  collapse library dir [/lib/x86_64-linux-gnu] ==> [/lib/x86_64-linux-gnu]
  collapse library dir [/lib/../lib64] ==> [/lib64]
  collapse library dir [/usr/lib/x86_64-linux-gnu] ==> [/usr/lib/x86_64-linux-gnu]
  collapse library dir [/usr/lib/../lib64] ==> [/usr/lib64]
  collapse library dir [/usr/bin/../lib64/gcc/x86_64-unknown-linux-gnu/4.9.2/../../..] ==> [/usr/lib64]
  collapse library dir [/usr/bin/../lib] ==> [/usr/lib]
  collapse library dir [/lib] ==> [/lib]
  collapse library dir [/usr/lib] ==> [/usr/lib]
  implicit libs: [c]
  implicit dirs: [/usr/lib64/gcc/x86_64-unknown-linux-gnu/4.9.2;/usr/lib64/x86_64-linux-gnu;/usr/lib64;/usr/lib/x86_64-linux-gnu;/lib/x86_64-linux-gnu;/lib64;/usr/lib;/lib]
  implicit fwks: []




Detecting C [-std=c11] compiler features compiled with the following output:
Change Dir: /home/ben/Dropbox/Development/C++/BPPIV/src/CMakeFiles/CMakeTmp

Run Build Command:"/usr/bin/make" "cmTryCompileExec284856665/fast"
/usr/bin/make -f CMakeFiles/cmTryCompileExec284856665.dir/build.make CMakeFiles/cmTryCompileExec284856665.dir/build
make[1]: Entering directory '/home/ben/Dropbox/Development/C++/BPPIV/src/CMakeFiles/CMakeTmp'
/usr/bin/cmake -E cmake_progress_report /home/ben/Dropbox/Development/C++/BPPIV/src/CMakeFiles/CMakeTmp/CMakeFiles 1
Building C object CMakeFiles/cmTryCompileExec284856665.dir/feature_tests.c.o
/usr/bin/clang   -std=c11 -o CMakeFiles/cmTryCompileExec284856665.dir/feature_tests.c.o   -c /home/ben/Dropbox/Development/C++/BPPIV/src/CMakeFiles/feature_tests.c
Linking C executable cmTryCompileExec284856665
/usr/bin/cmake -E cmake_link_script CMakeFiles/cmTryCompileExec284856665.dir/link.txt --verbose=1
/usr/bin/clang       CMakeFiles/cmTryCompileExec284856665.dir/feature_tests.c.o  -o cmTryCompileExec284856665 -rdynamic 
make[1]: Leaving directory '/home/ben/Dropbox/Development/C++/BPPIV/src/CMakeFiles/CMakeTmp'


    Feature record: C_FEATURE:1c_function_prototypes
    Feature record: C_FEATURE:1c_restrict
    Feature record: C_FEATURE:1c_static_assert
    Feature record: C_FEATURE:1c_variadic_macros


Detecting C [-std=c99] compiler features compiled with the following output:
Change Dir: /home/ben/Dropbox/Development/C++/BPPIV/src/CMakeFiles/CMakeTmp

Run Build Command:"/usr/bin/make" "cmTryCompileExec3666517162/fast"
/usr/bin/make -f CMakeFiles/cmTryCompileExec3666517162.dir/build.make CMakeFiles/cmTryCompileExec3666517162.dir/build
make[1]: Entering directory '/home/ben/Dropbox/Development/C++/BPPIV/src/CMakeFiles/CMakeTmp'
/usr/bin/cmake -E cmake_progress_report /home/ben/Dropbox/Development/C++/BPPIV/src/CMakeFiles/CMakeTmp/CMakeFiles 1
Building C object CMakeFiles/cmTryCompileExec3666517162.dir/feature_tests.c.o
/usr/bin/clang   -std=c99 -o CMakeFiles/cmTryCompileExec3666517162.dir/feature_tests.c.o   -c /home/ben/Dropbox/Development/C++/BPPIV/src/CMakeFiles/feature_tests.c
Linking C executable cmTryCompileExec3666517162
/usr/bin/cmake -E cmake_link_script CMakeFiles/cmTryCompileExec3666517162.dir/link.txt --verbose=1
/usr/bin/clang       CMakeFiles/cmTryCompileExec3666517162.dir/feature_tests.c.o  -o cmTryCompileExec3666517162 -rdynamic 
make[1]: Leaving directory '/home/ben/Dropbox/Development/C++/BPPIV/src/CMakeFiles/CMakeTmp'


    Feature record: C_FEATURE:1c_function_prototypes
    Feature record: C_FEATURE:1c_restrict
    Feature record: C_FEATURE:0c_static_assert
    Feature record: C_FEATURE:1c_variadic_macros


Detecting C [-std=c90] compiler features compiled with the following output:
Change Dir: /home/ben/Dropbox/Development/C++/BPPIV/src/CMakeFiles/CMakeTmp

Run Build Command:"/usr/bin/make" "cmTryCompileExec3457108892/fast"
/usr/bin/make -f CMakeFiles/cmTryCompileExec3457108892.dir/build.make CMakeFiles/cmTryCompileExec3457108892.dir/build
make[1]: Entering directory '/home/ben/Dropbox/Development/C++/BPPIV/src/CMakeFiles/CMakeTmp'
/usr/bin/cmake -E cmake_progress_report /home/ben/Dropbox/Development/C++/BPPIV/src/CMakeFiles/CMakeTmp/CMakeFiles 1
Building C object CMakeFiles/cmTryCompileExec3457108892.dir/feature_tests.c.o
/usr/bin/clang   -std=c90 -o CMakeFiles/cmTryCompileExec3457108892.dir/feature_tests.c.o   -c /home/ben/Dropbox/Development/C++/BPPIV/src/CMakeFiles/feature_tests.c
Linking C executable cmTryCompileExec3457108892
/usr/bin/cmake -E cmake_link_script CMakeFiles/cmTryCompileExec3457108892.dir/link.txt --verbose=1
/usr/bin/clang       CMakeFiles/cmTryCompileExec3457108892.dir/feature_tests.c.o  -o cmTryCompileExec3457108892 -rdynamic 
make[1]: Leaving directory '/home/ben/Dropbox/Development/C++/BPPIV/src/CMakeFiles/CMakeTmp'


    Feature record: C_FEATURE:1c_function_prototypes
    Feature record: C_FEATURE:0c_restrict
    Feature record: C_FEATURE:0c_static_assert
    Feature record: C_FEATURE:0c_variadic_macros
Determining if the CXX compiler works passed with the following output:
Change Dir: /home/ben/Dropbox/Development/C++/BPPIV/src/CMakeFiles/CMakeTmp

Run Build Command:"/usr/bin/make" "cmTryCompileExec3392651336/fast"
/usr/bin/make -f CMakeFiles/cmTryCompileExec3392651336.dir/build.make CMakeFiles/cmTryCompileExec3392651336.dir/build
make[1]: Entering directory '/home/ben/Dropbox/Development/C++/BPPIV/src/CMakeFiles/CMakeTmp'
/usr/bin/cmake -E cmake_progress_report /home/ben/Dropbox/Development/C++/BPPIV/src/CMakeFiles/CMakeTmp/CMakeFiles 1
Building CXX object CMakeFiles/cmTryCompileExec3392651336.dir/testCXXCompiler.cxx.o
/usr/bin/clang++     -o CMakeFiles/cmTryCompileExec3392651336.dir/testCXXCompiler.cxx.o -c /home/ben/Dropbox/Development/C++/BPPIV/src/CMakeFiles/CMakeTmp/testCXXCompiler.cxx
Linking CXX executable cmTryCompileExec3392651336
/usr/bin/cmake -E cmake_link_script CMakeFiles/cmTryCompileExec3392651336.dir/link.txt --verbose=1
/usr/bin/clang++        CMakeFiles/cmTryCompileExec3392651336.dir/testCXXCompiler.cxx.o  -o cmTryCompileExec3392651336 -rdynamic 
make[1]: Leaving directory '/home/ben/Dropbox/Development/C++/BPPIV/src/CMakeFiles/CMakeTmp'


Detecting CXX compiler ABI info compiled with the following output:
Change Dir: /home/ben/Dropbox/Development/C++/BPPIV/src/CMakeFiles/CMakeTmp

Run Build Command:"/usr/bin/make" "cmTryCompileExec2635293687/fast"
/usr/bin/make -f CMakeFiles/cmTryCompileExec2635293687.dir/build.make CMakeFiles/cmTryCompileExec2635293687.dir/build
make[1]: Entering directory '/home/ben/Dropbox/Development/C++/BPPIV/src/CMakeFiles/CMakeTmp'
/usr/bin/cmake -E cmake_progress_report /home/ben/Dropbox/Development/C++/BPPIV/src/CMakeFiles/CMakeTmp/CMakeFiles 1
Building CXX object CMakeFiles/cmTryCompileExec2635293687.dir/CMakeCXXCompilerABI.cpp.o
/usr/bin/clang++     -o CMakeFiles/cmTryCompileExec2635293687.dir/CMakeCXXCompilerABI.cpp.o -c /usr/share/cmake-3.2/Modules/CMakeCXXCompilerABI.cpp
Linking CXX executable cmTryCompileExec2635293687
/usr/bin/cmake -E cmake_link_script CMakeFiles/cmTryCompileExec2635293687.dir/link.txt --verbose=1
/usr/bin/clang++       -v CMakeFiles/cmTryCompileExec2635293687.dir/CMakeCXXCompilerABI.cpp.o  -o cmTryCompileExec2635293687 -rdynamic  
clang version 3.6.0 (tags/RELEASE_360/final)
Target: x86_64-unknown-linux-gnu
Thread model: posix
Found candidate GCC installation: /usr/bin/../lib/gcc/x86_64-unknown-linux-gnu/4.9.2
Found candidate GCC installation: /usr/bin/../lib64/gcc/x86_64-unknown-linux-gnu/4.9.2
Found candidate GCC installation: /usr/lib/gcc/x86_64-unknown-linux-gnu/4.9.2
Found candidate GCC installation: /usr/lib64/gcc/x86_64-unknown-linux-gnu/4.9.2
Selected GCC installation: /usr/bin/../lib64/gcc/x86_64-unknown-linux-gnu/4.9.2
Candidate multilib: .;@m64
Selected multilib: .;@m64
 "/usr/bin/ld" -export-dynamic --eh-frame-hdr -m elf_x86_64 -dynamic-linker /lib64/ld-linux-x86-64.so.2 -o cmTryCompileExec2635293687 /usr/bin/../lib64/gcc/x86_64-unknown-linux-gnu/4.9.2/../../../../lib64/crt1.o /usr/bin/../lib64/gcc/x86_64-unknown-linux-gnu/4.9.2/../../../../lib64/crti.o /usr/bin/../lib64/gcc/x86_64-unknown-linux-gnu/4.9.2/crtbegin.o -L/usr/bin/../lib64/gcc/x86_64-unknown-linux-gnu/4.9.2 -L/usr/bin/../lib64/gcc/x86_64-unknown-linux-gnu/4.9.2/../../../x86_64-linux-gnu -L/usr/bin/../lib64/gcc/x86_64-unknown-linux-gnu/4.9.2/../../../../lib64 -L/usr/bin/../lib/x86_64-linux-gnu -L/usr/bin/../lib64 -L/lib/x86_64-linux-gnu -L/lib/../lib64 -L/usr/lib/x86_64-linux-gnu -L/usr/lib/../lib64 -L/usr/bin/../lib64/gcc/x86_64-unknown-linux-gnu/4.9.2/../../.. -L/usr/bin/../lib -L/lib -L/usr/lib CMakeFiles/cmTryCompileExec2635293687.dir/CMakeCXXCompilerABI.cpp.o -lstdc++ -lm -lgcc_s -lgcc -lc -lgcc_s -lgcc /usr/bin/../lib64/gcc/x86_64-unknown-linux-gnu/4.9.2/crtend.o /usr/bin/../lib64/gcc/x86_64-unknown-linux-gnu/4.9.2/../../../../lib64/crtn.o
make[1]: Leaving directory '/home/ben/Dropbox/Development/C++/BPPIV/src/CMakeFiles/CMakeTmp'


Parsed CXX implicit link information from above output:
  link line regex: [^( *|.*[/\])(ld|([^/\]+-)?ld|collect2)[^/\]*( |$)]
  ignore line: [Change Dir: /home/ben/Dropbox/Development/C++/BPPIV/src/CMakeFiles/CMakeTmp]
  ignore line: []
  ignore line: [Run Build Command:"/usr/bin/make" "cmTryCompileExec2635293687/fast"]
  ignore line: [/usr/bin/make -f CMakeFiles/cmTryCompileExec2635293687.dir/build.make CMakeFiles/cmTryCompileExec2635293687.dir/build]
  ignore line: [make[1]: Entering directory '/home/ben/Dropbox/Development/C++/BPPIV/src/CMakeFiles/CMakeTmp']
  ignore line: [/usr/bin/cmake -E cmake_progress_report /home/ben/Dropbox/Development/C++/BPPIV/src/CMakeFiles/CMakeTmp/CMakeFiles 1]
  ignore line: [Building CXX object CMakeFiles/cmTryCompileExec2635293687.dir/CMakeCXXCompilerABI.cpp.o]
  ignore line: [/usr/bin/clang++     -o CMakeFiles/cmTryCompileExec2635293687.dir/CMakeCXXCompilerABI.cpp.o -c /usr/share/cmake-3.2/Modules/CMakeCXXCompilerABI.cpp]
  ignore line: [Linking CXX executable cmTryCompileExec2635293687]
  ignore line: [/usr/bin/cmake -E cmake_link_script CMakeFiles/cmTryCompileExec2635293687.dir/link.txt --verbose=1]
  ignore line: [/usr/bin/clang++       -v CMakeFiles/cmTryCompileExec2635293687.dir/CMakeCXXCompilerABI.cpp.o  -o cmTryCompileExec2635293687 -rdynamic  ]
  ignore line: [clang version 3.6.0 (tags/RELEASE_360/final)]
  ignore line: [Target: x86_64-unknown-linux-gnu]
  ignore line: [Thread model: posix]
  ignore line: [Found candidate GCC installation: /usr/bin/../lib/gcc/x86_64-unknown-linux-gnu/4.9.2]
  ignore line: [Found candidate GCC installation: /usr/bin/../lib64/gcc/x86_64-unknown-linux-gnu/4.9.2]
  ignore line: [Found candidate GCC installation: /usr/lib/gcc/x86_64-unknown-linux-gnu/4.9.2]
  ignore line: [Found candidate GCC installation: /usr/lib64/gcc/x86_64-unknown-linux-gnu/4.9.2]
  ignore line: [Selected GCC installation: /usr/bin/../lib64/gcc/x86_64-unknown-linux-gnu/4.9.2]
  ignore line: [Candidate multilib: .]
  ignore line: [@m64]
  ignore line: [Selected multilib: .]
  ignore line: [@m64]
  link line: [ "/usr/bin/ld" -export-dynamic --eh-frame-hdr -m elf_x86_64 -dynamic-linker /lib64/ld-linux-x86-64.so.2 -o cmTryCompileExec2635293687 /usr/bin/../lib64/gcc/x86_64-unknown-linux-gnu/4.9.2/../../../../lib64/crt1.o /usr/bin/../lib64/gcc/x86_64-unknown-linux-gnu/4.9.2/../../../../lib64/crti.o /usr/bin/../lib64/gcc/x86_64-unknown-linux-gnu/4.9.2/crtbegin.o -L/usr/bin/../lib64/gcc/x86_64-unknown-linux-gnu/4.9.2 -L/usr/bin/../lib64/gcc/x86_64-unknown-linux-gnu/4.9.2/../../../x86_64-linux-gnu -L/usr/bin/../lib64/gcc/x86_64-unknown-linux-gnu/4.9.2/../../../../lib64 -L/usr/bin/../lib/x86_64-linux-gnu -L/usr/bin/../lib64 -L/lib/x86_64-linux-gnu -L/lib/../lib64 -L/usr/lib/x86_64-linux-gnu -L/usr/lib/../lib64 -L/usr/bin/../lib64/gcc/x86_64-unknown-linux-gnu/4.9.2/../../.. -L/usr/bin/../lib -L/lib -L/usr/lib CMakeFiles/cmTryCompileExec2635293687.dir/CMakeCXXCompilerABI.cpp.o -lstdc++ -lm -lgcc_s -lgcc -lc -lgcc_s -lgcc /usr/bin/../lib64/gcc/x86_64-unknown-linux-gnu/4.9.2/crtend.o /usr/bin/../lib64/gcc/x86_64-unknown-linux-gnu/4.9.2/../../../../lib64/crtn.o]
    arg [/usr/bin/ld] ==> ignore
    arg [-export-dynamic] ==> ignore
    arg [--eh-frame-hdr] ==> ignore
    arg [-m] ==> ignore
    arg [elf_x86_64] ==> ignore
    arg [-dynamic-linker] ==> ignore
    arg [/lib64/ld-linux-x86-64.so.2] ==> ignore
    arg [-o] ==> ignore
    arg [cmTryCompileExec2635293687] ==> ignore
    arg [/usr/bin/../lib64/gcc/x86_64-unknown-linux-gnu/4.9.2/../../../../lib64/crt1.o] ==> ignore
    arg [/usr/bin/../lib64/gcc/x86_64-unknown-linux-gnu/4.9.2/../../../../lib64/crti.o] ==> ignore
    arg [/usr/bin/../lib64/gcc/x86_64-unknown-linux-gnu/4.9.2/crtbegin.o] ==> ignore
    arg [-L/usr/bin/../lib64/gcc/x86_64-unknown-linux-gnu/4.9.2] ==> dir [/usr/bin/../lib64/gcc/x86_64-unknown-linux-gnu/4.9.2]
    arg [-L/usr/bin/../lib64/gcc/x86_64-unknown-linux-gnu/4.9.2/../../../x86_64-linux-gnu] ==> dir [/usr/bin/../lib64/gcc/x86_64-unknown-linux-gnu/4.9.2/../../../x86_64-linux-gnu]
    arg [-L/usr/bin/../lib64/gcc/x86_64-unknown-linux-gnu/4.9.2/../../../../lib64] ==> dir [/usr/bin/../lib64/gcc/x86_64-unknown-linux-gnu/4.9.2/../../../../lib64]
    arg [-L/usr/bin/../lib/x86_64-linux-gnu] ==> dir [/usr/bin/../lib/x86_64-linux-gnu]
    arg [-L/usr/bin/../lib64] ==> dir [/usr/bin/../lib64]
    arg [-L/lib/x86_64-linux-gnu] ==> dir [/lib/x86_64-linux-gnu]
    arg [-L/lib/../lib64] ==> dir [/lib/../lib64]
    arg [-L/usr/lib/x86_64-linux-gnu] ==> dir [/usr/lib/x86_64-linux-gnu]
    arg [-L/usr/lib/../lib64] ==> dir [/usr/lib/../lib64]
    arg [-L/usr/bin/../lib64/gcc/x86_64-unknown-linux-gnu/4.9.2/../../..] ==> dir [/usr/bin/../lib64/gcc/x86_64-unknown-linux-gnu/4.9.2/../../..]
    arg [-L/usr/bin/../lib] ==> dir [/usr/bin/../lib]
    arg [-L/lib] ==> dir [/lib]
    arg [-L/usr/lib] ==> dir [/usr/lib]
    arg [CMakeFiles/cmTryCompileExec2635293687.dir/CMakeCXXCompilerABI.cpp.o] ==> ignore
    arg [-lstdc++] ==> lib [stdc++]
    arg [-lm] ==> lib [m]
    arg [-lgcc_s] ==> lib [gcc_s]
    arg [-lgcc] ==> lib [gcc]
    arg [-lc] ==> lib [c]
    arg [-lgcc_s] ==> lib [gcc_s]
    arg [-lgcc] ==> lib [gcc]
    arg [/usr/bin/../lib64/gcc/x86_64-unknown-linux-gnu/4.9.2/crtend.o] ==> ignore
    arg [/usr/bin/../lib64/gcc/x86_64-unknown-linux-gnu/4.9.2/../../../../lib64/crtn.o] ==> ignore
  remove lib [gcc_s]
  remove lib [gcc]
  remove lib [gcc_s]
  remove lib [gcc]
  collapse library dir [/usr/bin/../lib64/gcc/x86_64-unknown-linux-gnu/4.9.2] ==> [/usr/lib64/gcc/x86_64-unknown-linux-gnu/4.9.2]
  collapse library dir [/usr/bin/../lib64/gcc/x86_64-unknown-linux-gnu/4.9.2/../../../x86_64-linux-gnu] ==> [/usr/lib64/x86_64-linux-gnu]
  collapse library dir [/usr/bin/../lib64/gcc/x86_64-unknown-linux-gnu/4.9.2/../../../../lib64] ==> [/usr/lib64]
  collapse library dir [/usr/bin/../lib/x86_64-linux-gnu] ==> [/usr/lib/x86_64-linux-gnu]
  collapse library dir [/usr/bin/../lib64] ==> [/usr/lib64]
  collapse library dir [/lib/x86_64-linux-gnu] ==> [/lib/x86_64-linux-gnu]
  collapse library dir [/lib/../lib64] ==> [/lib64]
  collapse library dir [/usr/lib/x86_64-linux-gnu] ==> [/usr/lib/x86_64-linux-gnu]
  collapse library dir [/usr/lib/../lib64] ==> [/usr/lib64]
  collapse library dir [/usr/bin/../lib64/gcc/x86_64-unknown-linux-gnu/4.9.2/../../..] ==> [/usr/lib64]
  collapse library dir [/usr/bin/../lib] ==> [/usr/lib]
  collapse library dir [/lib] ==> [/lib]
  collapse library dir [/usr/lib] ==> [/usr/lib]
  implicit libs: [stdc++;m;c]
  implicit dirs: [/usr/lib64/gcc/x86_64-unknown-linux-gnu/4.9.2;/usr/lib64/x86_64-linux-gnu;/usr/lib64;/usr/lib/x86_64-linux-gnu;/lib/x86_64-linux-gnu;/lib64;/usr/lib;/lib]
  implicit fwks: []




Detecting CXX [-std=c++14] compiler features compiled with the following output:
Change Dir: /home/ben/Dropbox/Development/C++/BPPIV/src/CMakeFiles/CMakeTmp

Run Build Command:"/usr/bin/make" "cmTryCompileExec3435225642/fast"
/usr/bin/make -f CMakeFiles/cmTryCompileExec3435225642.dir/build.make CMakeFiles/cmTryCompileExec3435225642.dir/build
make[1]: Entering directory '/home/ben/Dropbox/Development/C++/BPPIV/src/CMakeFiles/CMakeTmp'
/usr/bin/cmake -E cmake_progress_report /home/ben/Dropbox/Development/C++/BPPIV/src/CMakeFiles/CMakeTmp/CMakeFiles 1
Building CXX object CMakeFiles/cmTryCompileExec3435225642.dir/feature_tests.cxx.o
/usr/bin/clang++    -std=c++14 -o CMakeFiles/cmTryCompileExec3435225642.dir/feature_tests.cxx.o -c /home/ben/Dropbox/Development/C++/BPPIV/src/CMakeFiles/feature_tests.cxx
Linking CXX executable cmTryCompileExec3435225642
/usr/bin/cmake -E cmake_link_script CMakeFiles/cmTryCompileExec3435225642.dir/link.txt --verbose=1
/usr/bin/clang++        CMakeFiles/cmTryCompileExec3435225642.dir/feature_tests.cxx.o  -o cmTryCompileExec3435225642 -rdynamic 
make[1]: Leaving directory '/home/ben/Dropbox/Development/C++/BPPIV/src/CMakeFiles/CMakeTmp'


    Feature record: CXX_FEATURE:1cxx_aggregate_default_initializers
    Feature record: CXX_FEATURE:1cxx_alias_templates
    Feature record: CXX_FEATURE:1cxx_alignas
    Feature record: CXX_FEATURE:1cxx_alignof
    Feature record: CXX_FEATURE:1cxx_attributes
    Feature record: CXX_FEATURE:1cxx_attribute_deprecated
    Feature record: CXX_FEATURE:1cxx_auto_type
    Feature record: CXX_FEATURE:1cxx_binary_literals
    Feature record: CXX_FEATURE:1cxx_constexpr
    Feature record: CXX_FEATURE:1cxx_contextual_conversions
    Feature record: CXX_FEATURE:1cxx_decltype
    Feature record: CXX_FEATURE:1cxx_decltype_auto
    Feature record: CXX_FEATURE:1cxx_decltype_incomplete_return_types
    Feature record: CXX_FEATURE:1cxx_default_function_template_args
    Feature record: CXX_FEATURE:1cxx_defaulted_functions
    Feature record: CXX_FEATURE:1cxx_defaulted_move_initializers
    Feature record: CXX_FEATURE:1cxx_delegating_constructors
    Feature record: CXX_FEATURE:1cxx_deleted_functions
    Feature record: CXX_FEATURE:1cxx_digit_separators
    Feature record: CXX_FEATURE:1cxx_enum_forward_declarations
    Feature record: CXX_FEATURE:1cxx_explicit_conversions
    Feature record: CXX_FEATURE:1cxx_extended_friend_declarations
    Feature record: CXX_FEATURE:1cxx_extern_templates
    Feature record: CXX_FEATURE:1cxx_final
    Feature record: CXX_FEATURE:1cxx_func_identifier
    Feature record: CXX_FEATURE:1cxx_generalized_initializers
    Feature record: CXX_FEATURE:1cxx_generic_lambdas
    Feature record: CXX_FEATURE:1cxx_inheriting_constructors
    Feature record: CXX_FEATURE:1cxx_inline_namespaces
    Feature record: CXX_FEATURE:1cxx_lambdas
    Feature record: CXX_FEATURE:1cxx_lambda_init_captures
    Feature record: CXX_FEATURE:1cxx_local_type_template_args
    Feature record: CXX_FEATURE:1cxx_long_long_type
    Feature record: CXX_FEATURE:1cxx_noexcept
    Feature record: CXX_FEATURE:1cxx_nonstatic_member_init
    Feature record: CXX_FEATURE:1cxx_nullptr
    Feature record: CXX_FEATURE:1cxx_override
    Feature record: CXX_FEATURE:1cxx_range_for
    Feature record: CXX_FEATURE:1cxx_raw_string_literals
    Feature record: CXX_FEATURE:1cxx_reference_qualified_functions
    Feature record: CXX_FEATURE:1cxx_relaxed_constexpr
    Feature record: CXX_FEATURE:1cxx_return_type_deduction
    Feature record: CXX_FEATURE:1cxx_right_angle_brackets
    Feature record: CXX_FEATURE:1cxx_rvalue_references
    Feature record: CXX_FEATURE:1cxx_sizeof_member
    Feature record: CXX_FEATURE:1cxx_static_assert
    Feature record: CXX_FEATURE:1cxx_strong_enums
    Feature record: CXX_FEATURE:1cxx_template_template_parameters
    Feature record: CXX_FEATURE:1cxx_thread_local
    Feature record: CXX_FEATURE:1cxx_trailing_return_types
    Feature record: CXX_FEATURE:1cxx_unicode_literals
    Feature record: CXX_FEATURE:1cxx_uniform_initialization
    Feature record: CXX_FEATURE:1cxx_unrestricted_unions
    Feature record: CXX_FEATURE:1cxx_user_literals
    Feature record: CXX_FEATURE:1cxx_variable_templates
    Feature record: CXX_FEATURE:1cxx_variadic_macros
    Feature record: CXX_FEATURE:1cxx_variadic_templates


Detecting CXX [-std=c++11] compiler features compiled with the following output:
Change Dir: /home/ben/Dropbox/Development/C++/BPPIV/src/CMakeFiles/CMakeTmp

Run Build Command:"/usr/bin/make" "cmTryCompileExec1760883438/fast"
/usr/bin/make -f CMakeFiles/cmTryCompileExec1760883438.dir/build.make CMakeFiles/cmTryCompileExec1760883438.dir/build
make[1]: Entering directory '/home/ben/Dropbox/Development/C++/BPPIV/src/CMakeFiles/CMakeTmp'
/usr/bin/cmake -E cmake_progress_report /home/ben/Dropbox/Development/C++/BPPIV/src/CMakeFiles/CMakeTmp/CMakeFiles 1
Building CXX object CMakeFiles/cmTryCompileExec1760883438.dir/feature_tests.cxx.o
/usr/bin/clang++    -std=c++11 -o CMakeFiles/cmTryCompileExec1760883438.dir/feature_tests.cxx.o -c /home/ben/Dropbox/Development/C++/BPPIV/src/CMakeFiles/feature_tests.cxx
Linking CXX executable cmTryCompileExec1760883438
/usr/bin/cmake -E cmake_link_script CMakeFiles/cmTryCompileExec1760883438.dir/link.txt --verbose=1
/usr/bin/clang++        CMakeFiles/cmTryCompileExec1760883438.dir/feature_tests.cxx.o  -o cmTryCompileExec1760883438 -rdynamic 
make[1]: Leaving directory '/home/ben/Dropbox/Development/C++/BPPIV/src/CMakeFiles/CMakeTmp'


    Feature record: CXX_FEATURE:0cxx_aggregate_default_initializers
    Feature record: CXX_FEATURE:1cxx_alias_templates
    Feature record: CXX_FEATURE:1cxx_alignas
    Feature record: CXX_FEATURE:1cxx_alignof
    Feature record: CXX_FEATURE:1cxx_attributes
    Feature record: CXX_FEATURE:0cxx_attribute_deprecated
    Feature record: CXX_FEATURE:1cxx_auto_type
    Feature record: CXX_FEATURE:0cxx_binary_literals
    Feature record: CXX_FEATURE:1cxx_constexpr
    Feature record: CXX_FEATURE:0cxx_contextual_conversions
    Feature record: CXX_FEATURE:1cxx_decltype
    Feature record: CXX_FEATURE:0cxx_decltype_auto
    Feature record: CXX_FEATURE:1cxx_decltype_incomplete_return_types
    Feature record: CXX_FEATURE:1cxx_default_function_template_args
    Feature record: CXX_FEATURE:1cxx_defaulted_functions
    Feature record: CXX_FEATURE:1cxx_defaulted_move_initializers
    Feature record: CXX_FEATURE:1cxx_delegating_constructors
    Feature record: CXX_FEATURE:1cxx_deleted_functions
    Feature record: CXX_FEATURE:0cxx_digit_separators
    Feature record: CXX_FEATURE:1cxx_enum_forward_declarations
    Feature record: CXX_FEATURE:1cxx_explicit_conversions
    Feature record: CXX_FEATURE:1cxx_extended_friend_declarations
    Feature record: CXX_FEATURE:1cxx_extern_templates
    Feature record: CXX_FEATURE:1cxx_final
    Feature record: CXX_FEATURE:1cxx_func_identifier
    Feature record: CXX_FEATURE:1cxx_generalized_initializers
    Feature record: CXX_FEATURE:0cxx_generic_lambdas
    Feature record: CXX_FEATURE:1cxx_inheriting_constructors
    Feature record: CXX_FEATURE:1cxx_inline_namespaces
    Feature record: CXX_FEATURE:1cxx_lambdas
    Feature record: CXX_FEATURE:0cxx_lambda_init_captures
    Feature record: CXX_FEATURE:1cxx_local_type_template_args
    Feature record: CXX_FEATURE:1cxx_long_long_type
    Feature record: CXX_FEATURE:1cxx_noexcept
    Feature record: CXX_FEATURE:1cxx_nonstatic_member_init
    Feature record: CXX_FEATURE:1cxx_nullptr
    Feature record: CXX_FEATURE:1cxx_override
    Feature record: CXX_FEATURE:1cxx_range_for
    Feature record: CXX_FEATURE:1cxx_raw_string_literals
    Feature record: CXX_FEATURE:1cxx_reference_qualified_functions
    Feature record: CXX_FEATURE:0cxx_relaxed_constexpr
    Feature record: CXX_FEATURE:0cxx_return_type_deduction
    Feature record: CXX_FEATURE:1cxx_right_angle_brackets
    Feature record: CXX_FEATURE:1cxx_rvalue_references
    Feature record: CXX_FEATURE:1cxx_sizeof_member
    Feature record: CXX_FEATURE:1cxx_static_assert
    Feature record: CXX_FEATURE:1cxx_strong_enums
    Feature record: CXX_FEATURE:1cxx_template_template_parameters
    Feature record: CXX_FEATURE:1cxx_thread_local
    Feature record: CXX_FEATURE:1cxx_trailing_return_types
    Feature record: CXX_FEATURE:1cxx_unicode_literals
    Feature record: CXX_FEATURE:1cxx_uniform_initialization
    Feature record: CXX_FEATURE:1cxx_unrestricted_unions
    Feature record: CXX_FEATURE:1cxx_user_literals
    Feature record: CXX_FEATURE:0cxx_variable_templates
    Feature record: CXX_FEATURE:1cxx_variadic_macros
    Feature record: CXX_FEATURE:1cxx_variadic_templates


Detecting CXX [-std=c++98] compiler features compiled with the following output:
Change Dir: /home/ben/Dropbox/Development/C++/BPPIV/src/CMakeFiles/CMakeTmp

Run Build Command:"/usr/bin/make" "cmTryCompileExec3925617591/fast"
/usr/bin/make -f CMakeFiles/cmTryCompileExec3925617591.dir/build.make CMakeFiles/cmTryCompileExec3925617591.dir/build
make[1]: Entering directory '/home/ben/Dropbox/Development/C++/BPPIV/src/CMakeFiles/CMakeTmp'
/usr/bin/cmake -E cmake_progress_report /home/ben/Dropbox/Development/C++/BPPIV/src/CMakeFiles/CMakeTmp/CMakeFiles 1
Building CXX object CMakeFiles/cmTryCompileExec3925617591.dir/feature_tests.cxx.o
/usr/bin/clang++    -std=c++98 -o CMakeFiles/cmTryCompileExec3925617591.dir/feature_tests.cxx.o -c /home/ben/Dropbox/Development/C++/BPPIV/src/CMakeFiles/feature_tests.cxx
Linking CXX executable cmTryCompileExec3925617591
/usr/bin/cmake -E cmake_link_script CMakeFiles/cmTryCompileExec3925617591.dir/link.txt --verbose=1
/usr/bin/clang++        CMakeFiles/cmTryCompileExec3925617591.dir/feature_tests.cxx.o  -o cmTryCompileExec3925617591 -rdynamic 
make[1]: Leaving directory '/home/ben/Dropbox/Development/C++/BPPIV/src/CMakeFiles/CMakeTmp'


    Feature record: CXX_FEATURE:0cxx_aggregate_default_initializers
    Feature record: CXX_FEATURE:0cxx_alias_templates
    Feature record: CXX_FEATURE:0cxx_alignas
    Feature record: CXX_FEATURE:0cxx_alignof
    Feature record: CXX_FEATURE:0cxx_attributes
    Feature record: CXX_FEATURE:0cxx_attribute_deprecated
    Feature record: CXX_FEATURE:0cxx_auto_type
    Feature record: CXX_FEATURE:0cxx_binary_literals
    Feature record: CXX_FEATURE:0cxx_constexpr
    Feature record: CXX_FEATURE:0cxx_contextual_conversions
    Feature record: CXX_FEATURE:0cxx_decltype
    Feature record: CXX_FEATURE:0cxx_decltype_auto
    Feature record: CXX_FEATURE:0cxx_decltype_incomplete_return_types
    Feature record: CXX_FEATURE:0cxx_default_function_template_args
    Feature record: CXX_FEATURE:0cxx_defaulted_functions
    Feature record: CXX_FEATURE:0cxx_defaulted_move_initializers
    Feature record: CXX_FEATURE:0cxx_delegating_constructors
    Feature record: CXX_FEATURE:0cxx_deleted_functions
    Feature record: CXX_FEATURE:0cxx_digit_separators
    Feature record: CXX_FEATURE:0cxx_enum_forward_declarations
    Feature record: CXX_FEATURE:0cxx_explicit_conversions
    Feature record: CXX_FEATURE:0cxx_extended_friend_declarations
    Feature record: CXX_FEATURE:0cxx_extern_templates
    Feature record: CXX_FEATURE:0cxx_final
    Feature record: CXX_FEATURE:0cxx_func_identifier
    Feature record: CXX_FEATURE:0cxx_generalized_initializers
    Feature record: CXX_FEATURE:0cxx_generic_lambdas
    Feature record: CXX_FEATURE:0cxx_inheriting_constructors
    Feature record: CXX_FEATURE:0cxx_inline_namespaces
    Feature record: CXX_FEATURE:0cxx_lambdas
    Feature record: CXX_FEATURE:0cxx_lambda_init_captures
    Feature record: CXX_FEATURE:0cxx_local_type_template_args
    Feature record: CXX_FEATURE:0cxx_long_long_type
    Feature record: CXX_FEATURE:0cxx_noexcept
    Feature record: CXX_FEATURE:0cxx_nonstatic_member_init
    Feature record: CXX_FEATURE:0cxx_nullptr
    Feature record: CXX_FEATURE:0cxx_override
    Feature record: CXX_FEATURE:0cxx_range_for
    Feature record: CXX_FEATURE:0cxx_raw_string_literals
    Feature record: CXX_FEATURE:0cxx_reference_qualified_functions
    Feature record: CXX_FEATURE:0cxx_relaxed_constexpr
    Feature record: CXX_FEATURE:0cxx_return_type_deduction
    Feature record: CXX_FEATURE:0cxx_right_angle_brackets
    Feature record: CXX_FEATURE:0cxx_rvalue_references
    Feature record: CXX_FEATURE:0cxx_sizeof_member
    Feature record: CXX_FEATURE:0cxx_static_assert
    Feature record: CXX_FEATURE:0cxx_strong_enums
    Feature record: CXX_FEATURE:1cxx_template_template_parameters
    Feature record: CXX_FEATURE:0cxx_thread_local
    Feature record: CXX_FEATURE:0cxx_trailing_return_types
    Feature record: CXX_FEATURE:0cxx_unicode_literals
    Feature record: CXX_FEATURE:0cxx_uniform_initialization
    Feature record: CXX_FEATURE:0cxx_unrestricted_unions
    Feature record: CXX_FEATURE:0cxx_user_literals
    Feature record: CXX_FEATURE:0cxx_variable_templates
    Feature record: CXX_FEATURE:0cxx_variadic_macros
    Feature record: CXX_FEATURE:0cxx_variadic_templates
